2013-04-16 08:58:00,693 [Worker-0] INFO  o.e.m.c.i.i.nexus.NexusIndexManager - Updating index for repository: central|http://repo.maven.apache.org/maven2
2013-04-16 08:58:02,400 [Worker-0] INFO  c.n.h.c.p.n.NettyAsyncHttpProvider - Number of application's worked threads is 4
2013-04-16 09:00:12,938 [Worker-2] INFO  o.e.m.c.i.l.LifecycleMappingFactory - Using org.eclipse.m2e.jdt.JarLifecycleMapping lifecycle mapping for MavenProject: cph.business:exercise7:0.0.1-SNAPSHOT @ /home/zylex/Dropbox/workspace/PBA/Test/mid-term-tests/exercise7/pom.xml.
2013-04-16 09:00:15,770 [Worker-5] INFO  o.e.m.c.i.l.LifecycleMappingFactory - Using org.eclipse.m2e.jdt.JarLifecycleMapping lifecycle mapping for MavenProject: cph.business:exercise7:0.0.1-SNAPSHOT @ /home/zylex/Dropbox/workspace/PBA/Test/mid-term-tests/exercise7/pom.xml.
2013-04-16 09:00:15,771 [Worker-2] INFO  o.e.m.j.i.AbstractJavaProjectConfigurator - Adding source folder /exercise7/src/main/java
2013-04-16 09:00:15,793 [Worker-2] INFO  o.e.m.j.i.AbstractJavaProjectConfigurator - Adding resource folder /exercise7/src/main/resources
2013-04-16 09:00:15,803 [Worker-2] INFO  o.e.m.j.i.AbstractJavaProjectConfigurator - Adding source folder /exercise7/src/test/java
2013-04-16 09:00:15,804 [Worker-2] INFO  o.e.m.j.i.AbstractJavaProjectConfigurator - Adding resource folder /exercise7/src/test/resources
2013-04-16 09:00:18,803 [Worker-2] INFO  o.e.m.c.i.l.LifecycleMappingFactory - Using org.eclipse.m2e.jdt.JarLifecycleMapping lifecycle mapping for MavenProject: cph.business:exercise7:0.0.1-SNAPSHOT @ /home/zylex/Dropbox/workspace/PBA/Test/mid-term-tests/exercise7/pom.xml.
2013-04-16 09:00:19,934 [Worker-2] WARN  o.e.m.c.i.embedder.EclipseLogger - Using platform encoding (UTF-8 actually) to copy filtered resources, i.e. build is platform dependent!
2013-04-16 09:00:20,020 [Worker-2] INFO  o.e.m.c.i.embedder.EclipseLogger - Copying 0 resource
2013-04-16 09:00:20,059 [Worker-2] WARN  o.e.m.c.i.embedder.EclipseLogger - Using platform encoding (UTF-8 actually) to copy filtered resources, i.e. build is platform dependent!
2013-04-16 09:00:20,064 [Worker-2] INFO  o.e.m.c.i.embedder.EclipseLogger - Copying 0 resource
2013-04-16 09:00:21,549 [Worker-5] INFO  o.e.m.c.i.l.LifecycleMappingFactory - Using org.eclipse.m2e.jdt.JarLifecycleMapping lifecycle mapping for MavenProject: cph.business:exercise7:0.0.1-SNAPSHOT @ /home/zylex/Dropbox/workspace/PBA/Test/mid-term-tests/exercise7/pom.xml.
2013-04-16 09:00:22,482 [Worker-2] WARN  o.e.m.c.i.embedder.EclipseLogger - Using platform encoding (UTF-8 actually) to copy filtered resources, i.e. build is platform dependent!
2013-04-16 09:00:22,508 [Worker-2] INFO  o.e.m.c.i.embedder.EclipseLogger - Copying 0 resource
2013-04-16 09:00:22,532 [Worker-2] WARN  o.e.m.c.i.embedder.EclipseLogger - Using platform encoding (UTF-8 actually) to copy filtered resources, i.e. build is platform dependent!
2013-04-16 09:00:22,534 [Worker-2] INFO  o.e.m.c.i.embedder.EclipseLogger - Copying 0 resource
2013-04-16 09:01:10,757 [Worker-2] WARN  o.e.m.c.i.embedder.EclipseLogger - Using platform encoding (UTF-8 actually) to copy filtered resources, i.e. build is platform dependent!
2013-04-16 09:01:10,783 [Worker-2] INFO  o.e.m.c.i.embedder.EclipseLogger - Copying 0 resource
2013-04-16 09:01:10,815 [Worker-2] WARN  o.e.m.c.i.embedder.EclipseLogger - Using platform encoding (UTF-8 actually) to copy filtered resources, i.e. build is platform dependent!
2013-04-16 09:01:10,836 [Worker-2] INFO  o.e.m.c.i.embedder.EclipseLogger - Copying 0 resource
2013-04-16 09:01:30,688 [Worker-2] WARN  o.e.m.c.i.embedder.EclipseLogger - Using platform encoding (UTF-8 actually) to copy filtered resources, i.e. build is platform dependent!
2013-04-16 09:01:30,696 [Worker-2] INFO  o.e.m.c.i.embedder.EclipseLogger - Copying 0 resource
2013-04-16 09:01:30,715 [Worker-2] WARN  o.e.m.c.i.embedder.EclipseLogger - Using platform encoding (UTF-8 actually) to copy filtered resources, i.e. build is platform dependent!
2013-04-16 09:01:30,727 [Worker-2] INFO  o.e.m.c.i.embedder.EclipseLogger - Copying 0 resource
2013-04-16 09:02:09,450 [Worker-6] WARN  o.e.m.c.i.embedder.EclipseLogger - Using platform encoding (UTF-8 actually) to copy filtered resources, i.e. build is platform dependent!
2013-04-16 09:02:09,456 [Worker-6] INFO  o.e.m.c.i.embedder.EclipseLogger - Copying 0 resource
2013-04-16 09:02:09,470 [Worker-6] WARN  o.e.m.c.i.embedder.EclipseLogger - Using platform encoding (UTF-8 actually) to copy filtered resources, i.e. build is platform dependent!
2013-04-16 09:02:09,485 [Worker-6] INFO  o.e.m.c.i.embedder.EclipseLogger - Copying 0 resource
2013-04-16 09:02:27,674 [Worker-0] INFO  o.e.m.c.i.i.nexus.NexusIndexManager - Updated index for repository: central|http://repo.maven.apache.org/maven2 in 266994 ms
2013-04-16 09:06:12,927 [Worker-2] WARN  o.e.m.c.i.embedder.EclipseLogger - Using platform encoding (UTF-8 actually) to copy filtered resources, i.e. build is platform dependent!
2013-04-16 09:06:12,930 [Worker-2] INFO  o.e.m.c.i.embedder.EclipseLogger - Copying 0 resource
2013-04-16 09:06:12,946 [Worker-2] WARN  o.e.m.c.i.embedder.EclipseLogger - Using platform encoding (UTF-8 actually) to copy filtered resources, i.e. build is platform dependent!
2013-04-16 09:06:12,948 [Worker-2] INFO  o.e.m.c.i.embedder.EclipseLogger - Copying 0 resource
2013-04-16 09:06:57,105 [Worker-6] INFO  o.e.m.c.i.l.LifecycleMappingFactory - Using org.eclipse.m2e.jdt.JarLifecycleMapping lifecycle mapping for MavenProject: cph.business:exercise7:0.0.1-SNAPSHOT @ /home/zylex/Dropbox/workspace/PBA/Test/mid-term-tests/exercise7/pom.xml.
2013-04-16 09:06:57,377 [Worker-6] WARN  o.e.m.c.i.embedder.EclipseLogger - Using platform encoding (UTF-8 actually) to copy filtered resources, i.e. build is platform dependent!
2013-04-16 09:06:57,383 [Worker-6] INFO  o.e.m.c.i.embedder.EclipseLogger - Copying 0 resource
2013-04-16 09:06:57,404 [Worker-6] WARN  o.e.m.c.i.embedder.EclipseLogger - Using platform encoding (UTF-8 actually) to copy filtered resources, i.e. build is platform dependent!
2013-04-16 09:06:57,406 [Worker-6] INFO  o.e.m.c.i.embedder.EclipseLogger - Copying 0 resource
2013-04-16 09:09:40,217 [Worker-7] INFO  o.e.m.c.i.l.LifecycleMappingFactory - Using org.eclipse.m2e.jdt.JarLifecycleMapping lifecycle mapping for MavenProject: cph.business:exercise7:0.0.1-SNAPSHOT @ /home/zylex/Dropbox/workspace/PBA/Test/mid-term-tests/exercise7/pom.xml.
2013-04-16 09:09:40,306 [Worker-7] INFO  c.n.h.c.p.n.NettyAsyncHttpProvider - Number of application's worked threads is 4
2013-04-16 09:09:40,518 [New I/O client worker #2-1] INFO  o.e.m.c.i.e.AbstractTransferListenerAdapter - Downloading http://repo.maven.apache.org/maven2/org/jmock/jmock-junit4/2.6.0/jmock-junit4-2.6.0.pom
2013-04-16 09:09:40,528 [New I/O client worker #2-1] INFO  o.e.m.c.i.e.AbstractTransferListenerAdapter - Downloaded http://repo.maven.apache.org/maven2/org/jmock/jmock-junit4/2.6.0/jmock-junit4-2.6.0.pom
2013-04-16 09:09:40,613 [Worker-7] INFO  c.n.h.c.p.n.NettyAsyncHttpProvider - Number of application's worked threads is 4
2013-04-16 09:09:40,704 [New I/O client worker #3-1] INFO  o.e.m.c.i.e.AbstractTransferListenerAdapter - Downloading http://repo.maven.apache.org/maven2/org/jmock/jmock-parent/2.6.0/jmock-parent-2.6.0.pom
2013-04-16 09:09:40,712 [New I/O client worker #3-1] INFO  o.e.m.c.i.e.AbstractTransferListenerAdapter - Downloaded http://repo.maven.apache.org/maven2/org/jmock/jmock-parent/2.6.0/jmock-parent-2.6.0.pom
2013-04-16 09:09:41,174 [Worker-7] INFO  c.n.h.c.p.n.NettyAsyncHttpProvider - Number of application's worked threads is 4
2013-04-16 09:09:41,440 [New I/O client worker #4-1] INFO  o.e.m.c.i.e.AbstractTransferListenerAdapter - Downloading http://repo.maven.apache.org/maven2/org/jmock/jmock/2.6.0/jmock-2.6.0.pom
2013-04-16 09:09:41,442 [New I/O client worker #4-1] INFO  o.e.m.c.i.e.AbstractTransferListenerAdapter - Downloaded http://repo.maven.apache.org/maven2/org/jmock/jmock/2.6.0/jmock-2.6.0.pom
2013-04-16 09:09:41,680 [Worker-7] INFO  c.n.h.c.p.n.NettyAsyncHttpProvider - Number of application's worked threads is 4
2013-04-16 09:09:41,851 [New I/O client worker #5-1] INFO  o.e.m.c.i.e.AbstractTransferListenerAdapter - Downloading http://repo.maven.apache.org/maven2/org/hamcrest/hamcrest-core/1.1/hamcrest-core-1.1.pom
2013-04-16 09:09:41,856 [New I/O client worker #5-1] INFO  o.e.m.c.i.e.AbstractTransferListenerAdapter - Downloaded http://repo.maven.apache.org/maven2/org/hamcrest/hamcrest-core/1.1/hamcrest-core-1.1.pom
2013-04-16 09:09:41,919 [Worker-7] INFO  c.n.h.c.p.n.NettyAsyncHttpProvider - Number of application's worked threads is 4
2013-04-16 09:09:42,019 [New I/O client worker #6-1] INFO  o.e.m.c.i.e.AbstractTransferListenerAdapter - Downloading http://repo.maven.apache.org/maven2/org/hamcrest/hamcrest-parent/1.1/hamcrest-parent-1.1.pom
2013-04-16 09:09:42,021 [New I/O client worker #6-1] INFO  o.e.m.c.i.e.AbstractTransferListenerAdapter - Downloaded http://repo.maven.apache.org/maven2/org/hamcrest/hamcrest-parent/1.1/hamcrest-parent-1.1.pom
2013-04-16 09:09:42,114 [Worker-7] INFO  c.n.h.c.p.n.NettyAsyncHttpProvider - Number of application's worked threads is 4
2013-04-16 09:09:42,191 [New I/O client worker #7-1] INFO  o.e.m.c.i.e.AbstractTransferListenerAdapter - Downloading http://repo.maven.apache.org/maven2/org/hamcrest/hamcrest-library/1.1/hamcrest-library-1.1.pom
2013-04-16 09:09:42,198 [New I/O client worker #7-1] INFO  o.e.m.c.i.e.AbstractTransferListenerAdapter - Downloaded http://repo.maven.apache.org/maven2/org/hamcrest/hamcrest-library/1.1/hamcrest-library-1.1.pom
2013-04-16 09:09:42,269 [Worker-7] INFO  c.n.h.c.p.n.NettyAsyncHttpProvider - Number of application's worked threads is 4
2013-04-16 09:09:42,361 [New I/O client worker #8-1] INFO  o.e.m.c.i.e.AbstractTransferListenerAdapter - Downloading http://repo.maven.apache.org/maven2/junit/junit-dep/4.4/junit-dep-4.4.pom
2013-04-16 09:09:42,371 [New I/O client worker #8-1] INFO  o.e.m.c.i.e.AbstractTransferListenerAdapter - Downloaded http://repo.maven.apache.org/maven2/junit/junit-dep/4.4/junit-dep-4.4.pom
2013-04-16 09:09:42,440 [Worker-7] INFO  c.n.h.c.p.n.NettyAsyncHttpProvider - Number of application's worked threads is 4
2013-04-16 09:09:42,555 [New I/O client worker #9-1] INFO  o.e.m.c.i.e.AbstractTransferListenerAdapter - Downloading http://repo.maven.apache.org/maven2/org/jmock/jmock-junit4/2.6.0/jmock-junit4-2.6.0.jar
2013-04-16 09:09:42,564 [New I/O client worker #9-3] INFO  o.e.m.c.i.e.AbstractTransferListenerAdapter - Downloading http://repo.maven.apache.org/maven2/org/hamcrest/hamcrest-core/1.1/hamcrest-core-1.1.jar
2013-04-16 09:09:42,568 [New I/O client worker #9-2] INFO  o.e.m.c.i.e.AbstractTransferListenerAdapter - Downloading http://repo.maven.apache.org/maven2/org/jmock/jmock/2.6.0/jmock-2.6.0.jar
2013-04-16 09:09:42,571 [New I/O client worker #9-1] INFO  o.e.m.c.i.e.AbstractTransferListenerAdapter - Downloaded http://repo.maven.apache.org/maven2/org/jmock/jmock-junit4/2.6.0/jmock-junit4-2.6.0.jar
2013-04-16 09:09:42,598 [New I/O client worker #9-4] INFO  o.e.m.c.i.e.AbstractTransferListenerAdapter - Downloading http://repo.maven.apache.org/maven2/org/hamcrest/hamcrest-library/1.1/hamcrest-library-1.1.jar
2013-04-16 09:09:42,647 [New I/O client worker #9-1] INFO  o.e.m.c.i.e.AbstractTransferListenerAdapter - Downloading http://repo.maven.apache.org/maven2/junit/junit-dep/4.4/junit-dep-4.4.jar
2013-04-16 09:09:42,748 [New I/O client worker #9-3] INFO  o.e.m.c.i.e.AbstractTransferListenerAdapter - Downloaded http://repo.maven.apache.org/maven2/org/hamcrest/hamcrest-core/1.1/hamcrest-core-1.1.jar
2013-04-16 09:09:42,784 [New I/O client worker #9-4] INFO  o.e.m.c.i.e.AbstractTransferListenerAdapter - Downloaded http://repo.maven.apache.org/maven2/org/hamcrest/hamcrest-library/1.1/hamcrest-library-1.1.jar
2013-04-16 09:09:43,070 [New I/O client worker #9-1] INFO  o.e.m.c.i.e.AbstractTransferListenerAdapter - Downloaded http://repo.maven.apache.org/maven2/junit/junit-dep/4.4/junit-dep-4.4.jar
2013-04-16 09:09:43,308 [New I/O client worker #9-2] INFO  o.e.m.c.i.e.AbstractTransferListenerAdapter - Downloaded http://repo.maven.apache.org/maven2/org/jmock/jmock/2.6.0/jmock-2.6.0.jar
2013-04-16 09:09:45,127 [Worker-7] WARN  o.e.m.c.i.embedder.EclipseLogger - Using platform encoding (UTF-8 actually) to copy filtered resources, i.e. build is platform dependent!
2013-04-16 09:09:45,128 [Worker-7] INFO  o.e.m.c.i.embedder.EclipseLogger - Copying 0 resource
2013-04-16 09:09:45,166 [Worker-7] WARN  o.e.m.c.i.embedder.EclipseLogger - Using platform encoding (UTF-8 actually) to copy filtered resources, i.e. build is platform dependent!
2013-04-16 09:09:45,168 [Worker-7] INFO  o.e.m.c.i.embedder.EclipseLogger - Copying 0 resource
2013-04-16 09:09:46,925 [Worker-3] WARN  o.e.m.c.i.embedder.EclipseLogger - Using platform encoding (UTF-8 actually) to copy filtered resources, i.e. build is platform dependent!
2013-04-16 09:09:46,928 [Worker-3] INFO  o.e.m.c.i.embedder.EclipseLogger - Copying 0 resource
2013-04-16 09:09:46,947 [Worker-3] WARN  o.e.m.c.i.embedder.EclipseLogger - Using platform encoding (UTF-8 actually) to copy filtered resources, i.e. build is platform dependent!
2013-04-16 09:09:46,958 [Worker-3] INFO  o.e.m.c.i.embedder.EclipseLogger - Copying 0 resource
2013-04-16 09:11:31,781 [Worker-0] INFO  o.e.m.c.i.l.LifecycleMappingFactory - Using org.eclipse.m2e.jdt.JarLifecycleMapping lifecycle mapping for MavenProject: cph.business:exercise7:0.0.1-SNAPSHOT @ /home/zylex/Dropbox/workspace/PBA/Test/mid-term-tests/exercise7/pom.xml.
2013-04-16 09:11:31,790 [Worker-0] INFO  c.n.h.c.p.n.NettyAsyncHttpProvider - Number of application's worked threads is 4
2013-04-16 09:11:31,941 [New I/O client worker #10-1] INFO  o.e.m.c.i.e.AbstractTransferListenerAdapter - Downloading http://repo.maven.apache.org/maven2/junit/junit/4.11/junit-4.11.pom
2013-04-16 09:11:31,949 [New I/O client worker #10-1] INFO  o.e.m.c.i.e.AbstractTransferListenerAdapter - Downloaded http://repo.maven.apache.org/maven2/junit/junit/4.11/junit-4.11.pom
2013-04-16 09:11:32,036 [Worker-0] INFO  c.n.h.c.p.n.NettyAsyncHttpProvider - Number of application's worked threads is 4
2013-04-16 09:11:32,097 [New I/O client worker #11-1] INFO  o.e.m.c.i.e.AbstractTransferListenerAdapter - Downloading http://repo.maven.apache.org/maven2/org/hamcrest/hamcrest-core/1.3/hamcrest-core-1.3.pom
2013-04-16 09:11:32,100 [New I/O client worker #11-1] INFO  o.e.m.c.i.e.AbstractTransferListenerAdapter - Downloaded http://repo.maven.apache.org/maven2/org/hamcrest/hamcrest-core/1.3/hamcrest-core-1.3.pom
2013-04-16 09:11:32,157 [Worker-0] INFO  c.n.h.c.p.n.NettyAsyncHttpProvider - Number of application's worked threads is 4
2013-04-16 09:11:32,230 [New I/O client worker #12-1] INFO  o.e.m.c.i.e.AbstractTransferListenerAdapter - Downloading http://repo.maven.apache.org/maven2/org/hamcrest/hamcrest-parent/1.3/hamcrest-parent-1.3.pom
2013-04-16 09:11:32,235 [New I/O client worker #12-1] INFO  o.e.m.c.i.e.AbstractTransferListenerAdapter - Downloaded http://repo.maven.apache.org/maven2/org/hamcrest/hamcrest-parent/1.3/hamcrest-parent-1.3.pom
2013-04-16 09:11:32,378 [Worker-0] INFO  c.n.h.c.p.n.NettyAsyncHttpProvider - Number of application's worked threads is 4
2013-04-16 09:11:32,455 [New I/O client worker #13-1] INFO  o.e.m.c.i.e.AbstractTransferListenerAdapter - Downloading http://repo.maven.apache.org/maven2/junit/junit/4.11/junit-4.11.jar
2013-04-16 09:11:32,459 [New I/O client worker #13-2] INFO  o.e.m.c.i.e.AbstractTransferListenerAdapter - Downloading http://repo.maven.apache.org/maven2/org/hamcrest/hamcrest-core/1.3/hamcrest-core-1.3.jar
2013-04-16 09:11:32,550 [New I/O client worker #13-2] INFO  o.e.m.c.i.e.AbstractTransferListenerAdapter - Downloaded http://repo.maven.apache.org/maven2/org/hamcrest/hamcrest-core/1.3/hamcrest-core-1.3.jar
2013-04-16 09:11:32,689 [New I/O client worker #13-1] INFO  o.e.m.c.i.e.AbstractTransferListenerAdapter - Downloaded http://repo.maven.apache.org/maven2/junit/junit/4.11/junit-4.11.jar
2013-04-16 09:11:33,551 [Worker-0] WARN  o.e.m.c.i.embedder.EclipseLogger - Using platform encoding (UTF-8 actually) to copy filtered resources, i.e. build is platform dependent!
2013-04-16 09:11:33,553 [Worker-0] INFO  o.e.m.c.i.embedder.EclipseLogger - Copying 0 resource
2013-04-16 09:11:33,571 [Worker-0] WARN  o.e.m.c.i.embedder.EclipseLogger - Using platform encoding (UTF-8 actually) to copy filtered resources, i.e. build is platform dependent!
2013-04-16 09:11:33,583 [Worker-0] INFO  o.e.m.c.i.embedder.EclipseLogger - Copying 0 resource
2013-04-16 09:11:35,200 [Worker-7] WARN  o.e.m.c.i.embedder.EclipseLogger - Using platform encoding (UTF-8 actually) to copy filtered resources, i.e. build is platform dependent!
2013-04-16 09:11:35,216 [Worker-7] INFO  o.e.m.c.i.embedder.EclipseLogger - Copying 0 resource
2013-04-16 09:11:35,241 [Worker-7] WARN  o.e.m.c.i.embedder.EclipseLogger - Using platform encoding (UTF-8 actually) to copy filtered resources, i.e. build is platform dependent!
2013-04-16 09:11:35,243 [Worker-7] INFO  o.e.m.c.i.embedder.EclipseLogger - Copying 0 resource
2013-04-16 09:11:43,037 [Worker-6] INFO  o.e.m.c.i.l.LifecycleMappingFactory - Using org.eclipse.m2e.jdt.JarLifecycleMapping lifecycle mapping for MavenProject: cph.business:exercise7:0.0.1-SNAPSHOT @ /home/zylex/Dropbox/workspace/PBA/Test/mid-term-tests/exercise7/pom.xml.
2013-04-16 09:11:43,469 [Worker-6] WARN  o.e.m.c.i.embedder.EclipseLogger - Using platform encoding (UTF-8 actually) to copy filtered resources, i.e. build is platform dependent!
2013-04-16 09:11:43,473 [Worker-6] INFO  o.e.m.c.i.embedder.EclipseLogger - Copying 0 resource
2013-04-16 09:11:43,496 [Worker-6] WARN  o.e.m.c.i.embedder.EclipseLogger - Using platform encoding (UTF-8 actually) to copy filtered resources, i.e. build is platform dependent!
2013-04-16 09:11:43,498 [Worker-6] INFO  o.e.m.c.i.embedder.EclipseLogger - Copying 0 resource
2013-04-16 09:25:31,059 [Worker-3] WARN  o.e.m.c.i.embedder.EclipseLogger - Using platform encoding (UTF-8 actually) to copy filtered resources, i.e. build is platform dependent!
2013-04-16 09:25:31,067 [Worker-3] INFO  o.e.m.c.i.embedder.EclipseLogger - Copying 0 resource
2013-04-16 09:25:31,084 [Worker-3] WARN  o.e.m.c.i.embedder.EclipseLogger - Using platform encoding (UTF-8 actually) to copy filtered resources, i.e. build is platform dependent!
2013-04-16 09:25:31,096 [Worker-3] INFO  o.e.m.c.i.embedder.EclipseLogger - Copying 0 resource
2013-04-16 09:26:23,457 [Worker-10] WARN  o.e.m.c.i.embedder.EclipseLogger - Using platform encoding (UTF-8 actually) to copy filtered resources, i.e. build is platform dependent!
2013-04-16 09:26:23,466 [Worker-10] INFO  o.e.m.c.i.embedder.EclipseLogger - Copying 0 resource
2013-04-16 09:26:23,473 [Worker-10] WARN  o.e.m.c.i.embedder.EclipseLogger - Using platform encoding (UTF-8 actually) to copy filtered resources, i.e. build is platform dependent!
2013-04-16 09:26:23,482 [Worker-10] INFO  o.e.m.c.i.embedder.EclipseLogger - Copying 0 resource
2013-04-16 09:26:55,711 [Worker-6] WARN  o.e.m.c.i.embedder.EclipseLogger - Using platform encoding (UTF-8 actually) to copy filtered resources, i.e. build is platform dependent!
2013-04-16 09:26:55,713 [Worker-6] INFO  o.e.m.c.i.embedder.EclipseLogger - Copying 0 resource
2013-04-16 09:26:55,725 [Worker-6] WARN  o.e.m.c.i.embedder.EclipseLogger - Using platform encoding (UTF-8 actually) to copy filtered resources, i.e. build is platform dependent!
2013-04-16 09:26:55,728 [Worker-6] INFO  o.e.m.c.i.embedder.EclipseLogger - Copying 0 resource
2013-04-16 09:28:31,261 [Worker-10] WARN  o.e.m.c.i.embedder.EclipseLogger - Using platform encoding (UTF-8 actually) to copy filtered resources, i.e. build is platform dependent!
2013-04-16 09:28:31,265 [Worker-10] INFO  o.e.m.c.i.embedder.EclipseLogger - Copying 0 resource
2013-04-16 09:28:31,277 [Worker-10] WARN  o.e.m.c.i.embedder.EclipseLogger - Using platform encoding (UTF-8 actually) to copy filtered resources, i.e. build is platform dependent!
2013-04-16 09:28:31,295 [Worker-10] INFO  o.e.m.c.i.embedder.EclipseLogger - Copying 0 resource
2013-04-16 09:29:15,998 [Worker-11] WARN  o.e.m.c.i.embedder.EclipseLogger - Using platform encoding (UTF-8 actually) to copy filtered resources, i.e. build is platform dependent!
2013-04-16 09:29:16,001 [Worker-11] INFO  o.e.m.c.i.embedder.EclipseLogger - Copying 0 resource
2013-04-16 09:29:16,014 [Worker-11] WARN  o.e.m.c.i.embedder.EclipseLogger - Using platform encoding (UTF-8 actually) to copy filtered resources, i.e. build is platform dependent!
2013-04-16 09:29:16,016 [Worker-11] INFO  o.e.m.c.i.embedder.EclipseLogger - Copying 0 resource
2013-04-16 09:29:22,117 [Worker-6] WARN  o.e.m.c.i.embedder.EclipseLogger - Using platform encoding (UTF-8 actually) to copy filtered resources, i.e. build is platform dependent!
2013-04-16 09:29:22,119 [Worker-6] INFO  o.e.m.c.i.embedder.EclipseLogger - Copying 0 resource
2013-04-16 09:29:22,127 [Worker-6] WARN  o.e.m.c.i.embedder.EclipseLogger - Using platform encoding (UTF-8 actually) to copy filtered resources, i.e. build is platform dependent!
2013-04-16 09:29:22,129 [Worker-6] INFO  o.e.m.c.i.embedder.EclipseLogger - Copying 0 resource
2013-04-16 09:31:11,529 [Worker-13] WARN  o.e.m.c.i.embedder.EclipseLogger - Using platform encoding (UTF-8 actually) to copy filtered resources, i.e. build is platform dependent!
2013-04-16 09:31:11,536 [Worker-13] INFO  o.e.m.c.i.embedder.EclipseLogger - Copying 0 resource
2013-04-16 09:31:11,545 [Worker-13] WARN  o.e.m.c.i.embedder.EclipseLogger - Using platform encoding (UTF-8 actually) to copy filtered resources, i.e. build is platform dependent!
2013-04-16 09:31:11,561 [Worker-13] INFO  o.e.m.c.i.embedder.EclipseLogger - Copying 0 resource
2013-04-16 09:32:06,351 [Worker-10] WARN  o.e.m.c.i.embedder.EclipseLogger - Using platform encoding (UTF-8 actually) to copy filtered resources, i.e. build is platform dependent!
2013-04-16 09:32:06,356 [Worker-10] INFO  o.e.m.c.i.embedder.EclipseLogger - Copying 0 resource
2013-04-16 09:32:06,370 [Worker-10] WARN  o.e.m.c.i.embedder.EclipseLogger - Using platform encoding (UTF-8 actually) to copy filtered resources, i.e. build is platform dependent!
2013-04-16 09:32:06,374 [Worker-10] INFO  o.e.m.c.i.embedder.EclipseLogger - Copying 0 resource
2013-04-16 09:32:24,286 [Worker-3] WARN  o.e.m.c.i.embedder.EclipseLogger - Using platform encoding (UTF-8 actually) to copy filtered resources, i.e. build is platform dependent!
2013-04-16 09:32:24,338 [Worker-3] INFO  o.e.m.c.i.embedder.EclipseLogger - Copying 0 resource
2013-04-16 09:32:24,363 [Worker-3] WARN  o.e.m.c.i.embedder.EclipseLogger - Using platform encoding (UTF-8 actually) to copy filtered resources, i.e. build is platform dependent!
2013-04-16 09:32:24,365 [Worker-3] INFO  o.e.m.c.i.embedder.EclipseLogger - Copying 0 resource
2013-04-16 09:33:13,915 [Worker-12] WARN  o.e.m.c.i.embedder.EclipseLogger - Using platform encoding (UTF-8 actually) to copy filtered resources, i.e. build is platform dependent!
2013-04-16 09:33:13,924 [Worker-12] INFO  o.e.m.c.i.embedder.EclipseLogger - Copying 0 resource
2013-04-16 09:33:13,932 [Worker-12] WARN  o.e.m.c.i.embedder.EclipseLogger - Using platform encoding (UTF-8 actually) to copy filtered resources, i.e. build is platform dependent!
2013-04-16 09:33:13,940 [Worker-12] INFO  o.e.m.c.i.embedder.EclipseLogger - Copying 0 resource
2013-04-16 09:53:31,589 [Worker-0] INFO  o.e.m.c.i.i.nexus.NexusIndexManager - Updating index for repository: central|http://repo.maven.apache.org/maven2
2013-04-16 09:53:32,241 [Worker-0] INFO  c.n.h.c.p.n.NettyAsyncHttpProvider - Number of application's worked threads is 4
2013-04-16 09:53:57,451 [Worker-0] INFO  o.e.m.c.i.i.nexus.NexusIndexManager - Updated index for repository: central|http://repo.maven.apache.org/maven2 in 25877 ms
2013-04-16 09:56:18,321 [Worker-4] INFO  o.e.m.c.i.l.LifecycleMappingFactory - Using org.eclipse.m2e.jdt.JarLifecycleMapping lifecycle mapping for MavenProject: cph.business:exercise8:0.0.1-SNAPSHOT @ /home/zylex/Dropbox/workspace/PBA/Test/mid-term-tests/exercise8/pom.xml.
2013-04-16 09:56:21,049 [Worker-4] INFO  o.e.m.j.i.AbstractJavaProjectConfigurator - Adding source folder /exercise8/src/main/java
2013-04-16 09:56:21,062 [Worker-4] INFO  o.e.m.j.i.AbstractJavaProjectConfigurator - Adding resource folder /exercise8/src/main/resources
2013-04-16 09:56:21,062 [Worker-0] INFO  o.e.m.c.i.l.LifecycleMappingFactory - Using org.eclipse.m2e.jdt.JarLifecycleMapping lifecycle mapping for MavenProject: cph.business:exercise8:0.0.1-SNAPSHOT @ /home/zylex/Dropbox/workspace/PBA/Test/mid-term-tests/exercise8/pom.xml.
2013-04-16 09:56:21,072 [Worker-4] INFO  o.e.m.j.i.AbstractJavaProjectConfigurator - Adding source folder /exercise8/src/test/java
2013-04-16 09:56:21,080 [Worker-4] INFO  o.e.m.j.i.AbstractJavaProjectConfigurator - Adding resource folder /exercise8/src/test/resources
2013-04-16 09:56:23,662 [Worker-3] INFO  o.e.m.c.i.l.LifecycleMappingFactory - Using org.eclipse.m2e.jdt.JarLifecycleMapping lifecycle mapping for MavenProject: cph.business:exercise8:0.0.1-SNAPSHOT @ /home/zylex/Dropbox/workspace/PBA/Test/mid-term-tests/exercise8/pom.xml.
2013-04-16 09:56:24,398 [Worker-3] WARN  o.e.m.c.i.embedder.EclipseLogger - Using platform encoding (UTF-8 actually) to copy filtered resources, i.e. build is platform dependent!
2013-04-16 09:56:24,418 [Worker-3] INFO  o.e.m.c.i.embedder.EclipseLogger - Copying 0 resource
2013-04-16 09:56:24,437 [Worker-3] WARN  o.e.m.c.i.embedder.EclipseLogger - Using platform encoding (UTF-8 actually) to copy filtered resources, i.e. build is platform dependent!
2013-04-16 09:56:24,441 [Worker-3] INFO  o.e.m.c.i.embedder.EclipseLogger - Copying 0 resource
2013-04-16 09:58:38,374 [Worker-3] WARN  o.e.m.c.i.embedder.EclipseLogger - Using platform encoding (UTF-8 actually) to copy filtered resources, i.e. build is platform dependent!
2013-04-16 09:58:38,482 [Worker-3] INFO  o.e.m.c.i.embedder.EclipseLogger - Copying 0 resource
2013-04-16 09:58:38,507 [Worker-3] WARN  o.e.m.c.i.embedder.EclipseLogger - Using platform encoding (UTF-8 actually) to copy filtered resources, i.e. build is platform dependent!
2013-04-16 09:58:38,510 [Worker-3] INFO  o.e.m.c.i.embedder.EclipseLogger - Copying 0 resource
2013-04-16 09:59:18,160 [Worker-6] WARN  o.e.m.c.i.embedder.EclipseLogger - Using platform encoding (UTF-8 actually) to copy filtered resources, i.e. build is platform dependent!
2013-04-16 09:59:18,174 [Worker-6] INFO  o.e.m.c.i.embedder.EclipseLogger - Copying 0 resource
2013-04-16 09:59:18,182 [Worker-6] WARN  o.e.m.c.i.embedder.EclipseLogger - Using platform encoding (UTF-8 actually) to copy filtered resources, i.e. build is platform dependent!
2013-04-16 09:59:18,184 [Worker-6] INFO  o.e.m.c.i.embedder.EclipseLogger - Copying 0 resource
2013-04-16 09:59:29,539 [Worker-6] WARN  o.e.m.c.i.embedder.EclipseLogger - Using platform encoding (UTF-8 actually) to copy filtered resources, i.e. build is platform dependent!
2013-04-16 09:59:29,556 [Worker-6] INFO  o.e.m.c.i.embedder.EclipseLogger - Copying 0 resource
2013-04-16 09:59:29,573 [Worker-6] WARN  o.e.m.c.i.embedder.EclipseLogger - Using platform encoding (UTF-8 actually) to copy filtered resources, i.e. build is platform dependent!
2013-04-16 09:59:29,575 [Worker-6] INFO  o.e.m.c.i.embedder.EclipseLogger - Copying 0 resource
2013-04-16 09:59:56,153 [Worker-6] WARN  o.e.m.c.i.embedder.EclipseLogger - Using platform encoding (UTF-8 actually) to copy filtered resources, i.e. build is platform dependent!
2013-04-16 09:59:56,159 [Worker-6] INFO  o.e.m.c.i.embedder.EclipseLogger - Copying 0 resource
2013-04-16 09:59:56,171 [Worker-6] WARN  o.e.m.c.i.embedder.EclipseLogger - Using platform encoding (UTF-8 actually) to copy filtered resources, i.e. build is platform dependent!
2013-04-16 09:59:56,173 [Worker-6] INFO  o.e.m.c.i.embedder.EclipseLogger - Copying 0 resource
2013-04-16 10:01:18,607 [Worker-8] WARN  o.e.m.c.i.embedder.EclipseLogger - Using platform encoding (UTF-8 actually) to copy filtered resources, i.e. build is platform dependent!
2013-04-16 10:01:18,610 [Worker-8] INFO  o.e.m.c.i.embedder.EclipseLogger - Copying 0 resource
2013-04-16 10:01:18,621 [Worker-8] WARN  o.e.m.c.i.embedder.EclipseLogger - Using platform encoding (UTF-8 actually) to copy filtered resources, i.e. build is platform dependent!
2013-04-16 10:01:18,628 [Worker-8] INFO  o.e.m.c.i.embedder.EclipseLogger - Copying 0 resource
2013-04-16 10:02:28,919 [Worker-10] WARN  o.e.m.c.i.embedder.EclipseLogger - Using platform encoding (UTF-8 actually) to copy filtered resources, i.e. build is platform dependent!
2013-04-16 10:02:28,929 [Worker-10] INFO  o.e.m.c.i.embedder.EclipseLogger - Copying 0 resource
2013-04-16 10:02:28,944 [Worker-10] WARN  o.e.m.c.i.embedder.EclipseLogger - Using platform encoding (UTF-8 actually) to copy filtered resources, i.e. build is platform dependent!
2013-04-16 10:02:28,947 [Worker-10] INFO  o.e.m.c.i.embedder.EclipseLogger - Copying 0 resource
2013-04-16 10:03:15,725 [Worker-4] WARN  o.e.m.c.i.embedder.EclipseLogger - Using platform encoding (UTF-8 actually) to copy filtered resources, i.e. build is platform dependent!
2013-04-16 10:03:15,728 [Worker-4] INFO  o.e.m.c.i.embedder.EclipseLogger - Copying 0 resource
2013-04-16 10:03:15,760 [Worker-4] WARN  o.e.m.c.i.embedder.EclipseLogger - Using platform encoding (UTF-8 actually) to copy filtered resources, i.e. build is platform dependent!
2013-04-16 10:03:15,766 [Worker-4] INFO  o.e.m.c.i.embedder.EclipseLogger - Copying 0 resource
2013-04-16 10:09:19,763 [Worker-0] INFO  o.e.m.c.i.i.nexus.NexusIndexManager - Updating index for repository: central|http://repo.maven.apache.org/maven2
2013-04-16 10:09:21,203 [Worker-0] INFO  c.n.h.c.p.n.NettyAsyncHttpProvider - Number of application's worked threads is 4
2013-04-16 10:09:53,048 [Worker-0] INFO  o.e.m.c.i.i.nexus.NexusIndexManager - Updated index for repository: central|http://repo.maven.apache.org/maven2 in 33299 ms
2013-04-16 10:10:25,956 [Worker-2] INFO  o.e.m.c.i.l.LifecycleMappingFactory - Using org.eclipse.m2e.jdt.JarLifecycleMapping lifecycle mapping for MavenProject: cph.business:exercise8:0.0.1-SNAPSHOT @ /home/zylex/Dropbox/workspace/PBA/Test/mid-term-tests/exercise8/pom.xml.
2013-04-16 10:10:29,261 [Worker-2] WARN  o.e.m.c.i.embedder.EclipseLogger - Using platform encoding (UTF-8 actually) to copy filtered resources, i.e. build is platform dependent!
2013-04-16 10:10:29,304 [Worker-2] INFO  o.e.m.c.i.embedder.EclipseLogger - Copying 0 resource
2013-04-16 10:10:29,326 [Worker-2] WARN  o.e.m.c.i.embedder.EclipseLogger - Using platform encoding (UTF-8 actually) to copy filtered resources, i.e. build is platform dependent!
2013-04-16 10:10:29,328 [Worker-2] INFO  o.e.m.c.i.embedder.EclipseLogger - Copying 0 resource
2013-04-16 10:10:58,998 [Worker-3] WARN  o.e.m.c.i.embedder.EclipseLogger - Using platform encoding (UTF-8 actually) to copy filtered resources, i.e. build is platform dependent!
2013-04-16 10:10:59,017 [Worker-3] INFO  o.e.m.c.i.embedder.EclipseLogger - Copying 0 resource
2013-04-16 10:10:59,026 [Worker-3] WARN  o.e.m.c.i.embedder.EclipseLogger - Using platform encoding (UTF-8 actually) to copy filtered resources, i.e. build is platform dependent!
2013-04-16 10:10:59,029 [Worker-3] INFO  o.e.m.c.i.embedder.EclipseLogger - Copying 0 resource
2013-04-16 10:12:17,784 [Worker-3] INFO  o.e.m.c.i.i.nexus.NexusIndexManager - Updating index for repository: central|http://repo.maven.apache.org/maven2
2013-04-16 10:12:19,502 [Worker-3] INFO  c.n.h.c.p.n.NettyAsyncHttpProvider - Number of application's worked threads is 4
2013-04-16 10:12:23,137 [Worker-2] INFO  o.e.m.c.i.l.LifecycleMappingFactory - Using org.eclipse.m2e.jdt.JarLifecycleMapping lifecycle mapping for MavenProject: cph.business:exercise8:0.0.1-SNAPSHOT @ /home/zylex/Dropbox/workspace/PBA/Test/mid-term-tests/exercise8/pom.xml.
2013-04-16 10:12:28,390 [Worker-2] WARN  o.e.m.c.i.embedder.EclipseLogger - Using platform encoding (UTF-8 actually) to copy filtered resources, i.e. build is platform dependent!
2013-04-16 10:12:28,486 [Worker-2] INFO  o.e.m.c.i.embedder.EclipseLogger - Copying 0 resource
2013-04-16 10:12:28,523 [Worker-2] WARN  o.e.m.c.i.embedder.EclipseLogger - Using platform encoding (UTF-8 actually) to copy filtered resources, i.e. build is platform dependent!
2013-04-16 10:12:28,534 [Worker-2] INFO  o.e.m.c.i.embedder.EclipseLogger - Copying 0 resource
2013-04-16 10:13:03,039 [Worker-3] INFO  o.e.m.c.i.i.nexus.NexusIndexManager - Updated index for repository: central|http://repo.maven.apache.org/maven2 in 45325 ms
2013-04-16 10:15:01,460 [Worker-3] INFO  o.e.m.c.i.i.nexus.NexusIndexManager - Updating index for repository: central|http://repo.maven.apache.org/maven2
2013-04-16 10:15:02,076 [Worker-3] INFO  c.n.h.c.p.n.NettyAsyncHttpProvider - Number of application's worked threads is 4
2013-04-16 10:15:05,815 [Worker-5] WARN  o.e.m.c.i.embedder.EclipseLogger - Using platform encoding (UTF-8 actually) to copy filtered resources, i.e. build is platform dependent!
2013-04-16 10:15:05,863 [Worker-5] INFO  o.e.m.c.i.embedder.EclipseLogger - Copying 0 resource
2013-04-16 10:15:05,912 [Worker-5] WARN  o.e.m.c.i.embedder.EclipseLogger - Using platform encoding (UTF-8 actually) to copy filtered resources, i.e. build is platform dependent!
2013-04-16 10:15:05,914 [Worker-5] INFO  o.e.m.c.i.embedder.EclipseLogger - Copying 0 resource
2013-04-16 10:15:06,493 [Worker-5] WARN  o.e.m.c.i.embedder.EclipseLogger - Using platform encoding (UTF-8 actually) to copy filtered resources, i.e. build is platform dependent!
2013-04-16 10:15:06,514 [Worker-5] INFO  o.e.m.c.i.embedder.EclipseLogger - Copying 0 resource
2013-04-16 10:15:06,542 [Worker-5] WARN  o.e.m.c.i.embedder.EclipseLogger - Using platform encoding (UTF-8 actually) to copy filtered resources, i.e. build is platform dependent!
2013-04-16 10:15:06,562 [Worker-5] INFO  o.e.m.c.i.embedder.EclipseLogger - Copying 0 resource
2013-04-16 10:15:16,031 [Worker-3] INFO  o.e.m.c.i.i.nexus.NexusIndexManager - Updated index for repository: central|http://repo.maven.apache.org/maven2 in 14609 ms
2013-04-16 10:16:24,709 [Worker-5] WARN  o.e.m.c.i.embedder.EclipseLogger - Using platform encoding (UTF-8 actually) to copy filtered resources, i.e. build is platform dependent!
2013-04-16 10:16:24,992 [Worker-5] INFO  o.e.m.c.i.embedder.EclipseLogger - Copying 0 resource
2013-04-16 10:16:25,005 [Worker-5] WARN  o.e.m.c.i.embedder.EclipseLogger - Using platform encoding (UTF-8 actually) to copy filtered resources, i.e. build is platform dependent!
2013-04-16 10:16:25,011 [Worker-5] INFO  o.e.m.c.i.embedder.EclipseLogger - Copying 0 resource
2013-04-16 10:17:06,919 [Worker-7] WARN  o.e.m.c.i.embedder.EclipseLogger - Using platform encoding (UTF-8 actually) to copy filtered resources, i.e. build is platform dependent!
2013-04-16 10:17:06,929 [Worker-7] INFO  o.e.m.c.i.embedder.EclipseLogger - Copying 0 resource
2013-04-16 10:17:06,947 [Worker-7] WARN  o.e.m.c.i.embedder.EclipseLogger - Using platform encoding (UTF-8 actually) to copy filtered resources, i.e. build is platform dependent!
2013-04-16 10:17:06,949 [Worker-7] INFO  o.e.m.c.i.embedder.EclipseLogger - Copying 0 resource
2013-04-16 10:37:54,020 [Worker-8] INFO  o.e.m.c.i.l.LifecycleMappingFactory - Using org.eclipse.m2e.jdt.JarLifecycleMapping lifecycle mapping for MavenProject: cph.business:exercise8:0.0.1-SNAPSHOT @ /home/zylex/Dropbox/workspace/PBA/Test/mid-term-tests/exercise8/pom.xml.
2013-04-16 10:37:54,753 [Worker-8] WARN  o.e.m.c.i.embedder.EclipseLogger - Using platform encoding (UTF-8 actually) to copy filtered resources, i.e. build is platform dependent!
2013-04-16 10:37:54,755 [Worker-8] INFO  o.e.m.c.i.embedder.EclipseLogger - Copying 0 resource
2013-04-16 10:37:54,763 [Worker-8] WARN  o.e.m.c.i.embedder.EclipseLogger - Using platform encoding (UTF-8 actually) to copy filtered resources, i.e. build is platform dependent!
2013-04-16 10:37:54,766 [Worker-8] INFO  o.e.m.c.i.embedder.EclipseLogger - Copying 0 resource
2013-04-16 10:37:56,177 [Worker-0] WARN  o.e.m.c.i.embedder.EclipseLogger - Using platform encoding (UTF-8 actually) to copy filtered resources, i.e. build is platform dependent!
2013-04-16 10:37:56,195 [Worker-0] INFO  o.e.m.c.i.embedder.EclipseLogger - Copying 0 resource
2013-04-16 10:37:56,219 [Worker-0] WARN  o.e.m.c.i.embedder.EclipseLogger - Using platform encoding (UTF-8 actually) to copy filtered resources, i.e. build is platform dependent!
2013-04-16 10:37:56,220 [Worker-0] INFO  o.e.m.c.i.embedder.EclipseLogger - Copying 0 resource
2013-04-16 10:38:23,801 [Worker-8] WARN  o.e.m.c.i.embedder.EclipseLogger - Using platform encoding (UTF-8 actually) to copy filtered resources, i.e. build is platform dependent!
2013-04-16 10:38:23,806 [Worker-8] INFO  o.e.m.c.i.embedder.EclipseLogger - Copying 0 resource
2013-04-16 10:38:23,814 [Worker-8] WARN  o.e.m.c.i.embedder.EclipseLogger - Using platform encoding (UTF-8 actually) to copy filtered resources, i.e. build is platform dependent!
2013-04-16 10:38:23,822 [Worker-8] INFO  o.e.m.c.i.embedder.EclipseLogger - Copying 0 resource
2013-04-16 10:41:59,974 [Worker-12] WARN  o.e.m.c.i.embedder.EclipseLogger - Using platform encoding (UTF-8 actually) to copy filtered resources, i.e. build is platform dependent!
2013-04-16 10:41:59,976 [Worker-12] INFO  o.e.m.c.i.embedder.EclipseLogger - Copying 0 resource
2013-04-16 10:42:00,002 [Worker-12] WARN  o.e.m.c.i.embedder.EclipseLogger - Using platform encoding (UTF-8 actually) to copy filtered resources, i.e. build is platform dependent!
2013-04-16 10:42:00,009 [Worker-12] INFO  o.e.m.c.i.embedder.EclipseLogger - Copying 0 resource
2013-04-16 10:46:37,891 [Worker-17] WARN  o.e.m.c.i.embedder.EclipseLogger - Using platform encoding (UTF-8 actually) to copy filtered resources, i.e. build is platform dependent!
2013-04-16 10:46:37,898 [Worker-17] INFO  o.e.m.c.i.embedder.EclipseLogger - Copying 0 resource
2013-04-16 10:46:37,909 [Worker-17] WARN  o.e.m.c.i.embedder.EclipseLogger - Using platform encoding (UTF-8 actually) to copy filtered resources, i.e. build is platform dependent!
2013-04-16 10:46:37,912 [Worker-17] INFO  o.e.m.c.i.embedder.EclipseLogger - Copying 0 resource
2013-04-16 10:51:19,575 [Worker-19] WARN  o.e.m.c.i.embedder.EclipseLogger - Using platform encoding (UTF-8 actually) to copy filtered resources, i.e. build is platform dependent!
2013-04-16 10:51:19,580 [Worker-19] INFO  o.e.m.c.i.embedder.EclipseLogger - Copying 0 resource
2013-04-16 10:51:19,599 [Worker-19] WARN  o.e.m.c.i.embedder.EclipseLogger - Using platform encoding (UTF-8 actually) to copy filtered resources, i.e. build is platform dependent!
2013-04-16 10:51:19,601 [Worker-19] INFO  o.e.m.c.i.embedder.EclipseLogger - Copying 0 resource
2013-04-16 10:51:27,213 [Worker-15] WARN  o.e.m.c.i.embedder.EclipseLogger - Using platform encoding (UTF-8 actually) to copy filtered resources, i.e. build is platform dependent!
2013-04-16 10:51:27,219 [Worker-15] INFO  o.e.m.c.i.embedder.EclipseLogger - Copying 0 resource
2013-04-16 10:51:27,225 [Worker-15] WARN  o.e.m.c.i.embedder.EclipseLogger - Using platform encoding (UTF-8 actually) to copy filtered resources, i.e. build is platform dependent!
2013-04-16 10:51:27,227 [Worker-15] INFO  o.e.m.c.i.embedder.EclipseLogger - Copying 0 resource
2013-04-16 10:51:57,711 [Worker-0] WARN  o.e.m.c.i.embedder.EclipseLogger - Using platform encoding (UTF-8 actually) to copy filtered resources, i.e. build is platform dependent!
2013-04-16 10:51:57,713 [Worker-0] INFO  o.e.m.c.i.embedder.EclipseLogger - Copying 0 resource
2013-04-16 10:51:57,743 [Worker-0] WARN  o.e.m.c.i.embedder.EclipseLogger - Using platform encoding (UTF-8 actually) to copy filtered resources, i.e. build is platform dependent!
2013-04-16 10:51:57,755 [Worker-0] INFO  o.e.m.c.i.embedder.EclipseLogger - Copying 0 resource
2013-04-16 10:54:39,888 [Worker-16] WARN  o.e.m.c.i.embedder.EclipseLogger - Using platform encoding (UTF-8 actually) to copy filtered resources, i.e. build is platform dependent!
2013-04-16 10:54:39,889 [Worker-16] INFO  o.e.m.c.i.embedder.EclipseLogger - Copying 0 resource
2013-04-16 10:54:39,900 [Worker-16] WARN  o.e.m.c.i.embedder.EclipseLogger - Using platform encoding (UTF-8 actually) to copy filtered resources, i.e. build is platform dependent!
2013-04-16 10:54:39,907 [Worker-16] INFO  o.e.m.c.i.embedder.EclipseLogger - Copying 0 resource
2013-04-16 10:55:20,748 [Worker-19] WARN  o.e.m.c.i.embedder.EclipseLogger - Using platform encoding (UTF-8 actually) to copy filtered resources, i.e. build is platform dependent!
2013-04-16 10:55:20,753 [Worker-19] INFO  o.e.m.c.i.embedder.EclipseLogger - Copying 0 resource
2013-04-16 10:55:20,767 [Worker-19] WARN  o.e.m.c.i.embedder.EclipseLogger - Using platform encoding (UTF-8 actually) to copy filtered resources, i.e. build is platform dependent!
2013-04-16 10:55:20,793 [Worker-19] INFO  o.e.m.c.i.embedder.EclipseLogger - Copying 0 resource
2013-04-16 10:58:50,788 [Worker-12] WARN  o.e.m.c.i.embedder.EclipseLogger - Using platform encoding (UTF-8 actually) to copy filtered resources, i.e. build is platform dependent!
2013-04-16 10:58:50,790 [Worker-12] INFO  o.e.m.c.i.embedder.EclipseLogger - Copying 0 resource
2013-04-16 10:58:50,804 [Worker-12] WARN  o.e.m.c.i.embedder.EclipseLogger - Using platform encoding (UTF-8 actually) to copy filtered resources, i.e. build is platform dependent!
2013-04-16 10:58:50,811 [Worker-12] INFO  o.e.m.c.i.embedder.EclipseLogger - Copying 0 resource
2013-04-16 10:59:53,158 [Worker-18] WARN  o.e.m.c.i.embedder.EclipseLogger - Using platform encoding (UTF-8 actually) to copy filtered resources, i.e. build is platform dependent!
2013-04-16 10:59:53,162 [Worker-18] INFO  o.e.m.c.i.embedder.EclipseLogger - Copying 0 resource
2013-04-16 10:59:53,184 [Worker-18] WARN  o.e.m.c.i.embedder.EclipseLogger - Using platform encoding (UTF-8 actually) to copy filtered resources, i.e. build is platform dependent!
2013-04-16 10:59:53,187 [Worker-18] INFO  o.e.m.c.i.embedder.EclipseLogger - Copying 0 resource
2013-04-16 10:59:58,794 [Worker-19] WARN  o.e.m.c.i.embedder.EclipseLogger - Using platform encoding (UTF-8 actually) to copy filtered resources, i.e. build is platform dependent!
2013-04-16 10:59:58,797 [Worker-19] INFO  o.e.m.c.i.embedder.EclipseLogger - Copying 0 resource
2013-04-16 10:59:58,810 [Worker-19] WARN  o.e.m.c.i.embedder.EclipseLogger - Using platform encoding (UTF-8 actually) to copy filtered resources, i.e. build is platform dependent!
2013-04-16 10:59:58,812 [Worker-19] INFO  o.e.m.c.i.embedder.EclipseLogger - Copying 0 resource
2013-04-16 11:00:52,476 [Worker-18] WARN  o.e.m.c.i.embedder.EclipseLogger - Using platform encoding (UTF-8 actually) to copy filtered resources, i.e. build is platform dependent!
2013-04-16 11:00:52,481 [Worker-18] INFO  o.e.m.c.i.embedder.EclipseLogger - Copying 0 resource
2013-04-16 11:00:52,489 [Worker-18] WARN  o.e.m.c.i.embedder.EclipseLogger - Using platform encoding (UTF-8 actually) to copy filtered resources, i.e. build is platform dependent!
2013-04-16 11:00:52,501 [Worker-18] INFO  o.e.m.c.i.embedder.EclipseLogger - Copying 0 resource
2013-04-16 11:00:57,507 [Worker-12] WARN  o.e.m.c.i.embedder.EclipseLogger - Using platform encoding (UTF-8 actually) to copy filtered resources, i.e. build is platform dependent!
2013-04-16 11:00:57,523 [Worker-12] INFO  o.e.m.c.i.embedder.EclipseLogger - Copying 0 resource
2013-04-16 11:00:57,536 [Worker-12] WARN  o.e.m.c.i.embedder.EclipseLogger - Using platform encoding (UTF-8 actually) to copy filtered resources, i.e. build is platform dependent!
2013-04-16 11:00:57,542 [Worker-12] INFO  o.e.m.c.i.embedder.EclipseLogger - Copying 0 resource
2013-04-16 11:01:50,617 [Worker-19] WARN  o.e.m.c.i.embedder.EclipseLogger - Using platform encoding (UTF-8 actually) to copy filtered resources, i.e. build is platform dependent!
2013-04-16 11:01:50,621 [Worker-19] INFO  o.e.m.c.i.embedder.EclipseLogger - Copying 0 resource
2013-04-16 11:01:50,635 [Worker-19] WARN  o.e.m.c.i.embedder.EclipseLogger - Using platform encoding (UTF-8 actually) to copy filtered resources, i.e. build is platform dependent!
2013-04-16 11:01:50,637 [Worker-19] INFO  o.e.m.c.i.embedder.EclipseLogger - Copying 0 resource
2013-04-16 11:02:46,553 [Worker-12] WARN  o.e.m.c.i.embedder.EclipseLogger - Using platform encoding (UTF-8 actually) to copy filtered resources, i.e. build is platform dependent!
2013-04-16 11:02:46,559 [Worker-12] INFO  o.e.m.c.i.embedder.EclipseLogger - Copying 0 resource
2013-04-16 11:02:46,567 [Worker-12] WARN  o.e.m.c.i.embedder.EclipseLogger - Using platform encoding (UTF-8 actually) to copy filtered resources, i.e. build is platform dependent!
2013-04-16 11:02:46,572 [Worker-12] INFO  o.e.m.c.i.embedder.EclipseLogger - Copying 0 resource
2013-04-16 11:05:09,608 [Worker-15] WARN  o.e.m.c.i.embedder.EclipseLogger - Using platform encoding (UTF-8 actually) to copy filtered resources, i.e. build is platform dependent!
2013-04-16 11:05:09,616 [Worker-15] INFO  o.e.m.c.i.embedder.EclipseLogger - Copying 0 resource
2013-04-16 11:05:09,629 [Worker-15] WARN  o.e.m.c.i.embedder.EclipseLogger - Using platform encoding (UTF-8 actually) to copy filtered resources, i.e. build is platform dependent!
2013-04-16 11:05:09,631 [Worker-15] INFO  o.e.m.c.i.embedder.EclipseLogger - Copying 0 resource
2013-04-16 11:06:13,251 [Worker-20] WARN  o.e.m.c.i.embedder.EclipseLogger - Using platform encoding (UTF-8 actually) to copy filtered resources, i.e. build is platform dependent!
2013-04-16 11:06:13,254 [Worker-20] INFO  o.e.m.c.i.embedder.EclipseLogger - Copying 0 resource
2013-04-16 11:06:13,264 [Worker-20] WARN  o.e.m.c.i.embedder.EclipseLogger - Using platform encoding (UTF-8 actually) to copy filtered resources, i.e. build is platform dependent!
2013-04-16 11:06:13,272 [Worker-20] INFO  o.e.m.c.i.embedder.EclipseLogger - Copying 0 resource
2013-04-16 11:10:13,888 [Worker-22] WARN  o.e.m.c.i.embedder.EclipseLogger - Using platform encoding (UTF-8 actually) to copy filtered resources, i.e. build is platform dependent!
2013-04-16 11:10:13,890 [Worker-22] INFO  o.e.m.c.i.embedder.EclipseLogger - Copying 0 resource
2013-04-16 11:10:13,902 [Worker-22] WARN  o.e.m.c.i.embedder.EclipseLogger - Using platform encoding (UTF-8 actually) to copy filtered resources, i.e. build is platform dependent!
2013-04-16 11:10:13,903 [Worker-22] INFO  o.e.m.c.i.embedder.EclipseLogger - Copying 0 resource
